#
# There is insufficient memory for the Java Runtime Environment to continue.
# Native memory allocation (mmap) failed to map 264241152 bytes for G1 virtual space
# Possible reasons:
#   The system is out of physical RAM or swap space
#   The process is running with CompressedOops enabled, and the Java Heap may be blocking the growth of the native heap
# Possible solutions:
#   Reduce memory load on the system
#   Increase physical memory or swap space
#   Check if swap backing store is full
#   Decrease Java heap size (-Xmx/-Xms)
#   Decrease number of Java threads
#   Decrease Java thread stack sizes (-Xss)
#   Set larger code cache with -XX:ReservedCodeCacheSize=
#   JVM is running with Zero Based Compressed Oops mode in which the Java heap is
#     placed in the first 32GB address space. The Java Heap base address is the
#     maximum limit for the native heap growth. Please use -XX:HeapBaseMinAddress
#     to set the Java Heap base and to place the Java Heap above 32GB virtual address.
# This output file may be truncated or incomplete.
#
#  Out of Memory Error (os_windows.cpp:3552), pid=9140, tid=22188
#
# JRE version:  (17.0.9+11) (build )
# Java VM: Java HotSpot(TM) 64-Bit Server VM (17.0.9+11-LTS-201, mixed mode, sharing, tiered, compressed oops, compressed class ptrs, g1 gc, windows-amd64)
# No core dump will be written. Minidumps are not enabled by default on client versions of Windows
#

---------------  S U M M A R Y ------------

Command Line: -javaagent:C:\Program Files\JetBrains\IntelliJ IDEA Community Edition 2023.3.2\lib\idea_rt.jar=58227:C:\Program Files\JetBrains\IntelliJ IDEA Community Edition 2023.3.2\bin -Dfile.encoding=UTF-8 --module-path=C:\Users\a20221\.m2\repository\org\openjfx\javafx-base\17.0.6\javafx-base-17.0.6-win.jar;C:\Users\a20221\.m2\repository\org\openjfx\javafx-fxml\17.0.6\javafx-fxml-17.0.6-win.jar;C:\Users\a20221\.m2\repository\org\openjfx\javafx-graphics\17.0.6\javafx-graphics-17.0.6-win.jar;C:\Users\a20221\Documents\G WGU\c195\target\classes;C:\Users\a20221\.m2\repository\org\openjfx\javafx-controls\17.0.6\javafx-controls-17.0.6-win.jar -Djdk.module.main=com.c195.c195 com.c195.c195/com.c195.c195.Main

Host: 11th Gen Intel(R) Core(TM) i7-11700 @ 2.50GHz, 16 cores, 15G,  Windows 11 , 64 bit Build 22621 (10.0.22621.3374)
Time: Fri Apr 26 14:57:32 2024 Central Daylight Time elapsed time: 0.012615 seconds (0d 0h 0m 0s)

---------------  T H R E A D  ---------------

Current thread (0x0000014d0c431ac0):  JavaThread "Unknown thread" [_thread_in_vm, id=22188, stack(0x0000002031200000,0x0000002031300000)]

Stack: [0x0000002031200000,0x0000002031300000]
Native frames: (J=compiled Java code, j=interpreted, Vv=VM code, C=native code)
V  [jvm.dll+0x678a4a]
V  [jvm.dll+0x7d9cfd]
V  [jvm.dll+0x7db60e]
V  [jvm.dll+0x7dbc73]
V  [jvm.dll+0x245e1f]
V  [jvm.dll+0x6758f9]
V  [jvm.dll+0x66a2a2]
V  [jvm.dll+0x303686]
V  [jvm.dll+0x30ac06]
V  [jvm.dll+0x35a48e]
V  [jvm.dll+0x35a6bf]
V  [jvm.dll+0x2da678]
V  [jvm.dll+0x2db5e4]
V  [jvm.dll+0x7ab6b1]
V  [jvm.dll+0x368041]
V  [jvm.dll+0x78a749]
V  [jvm.dll+0x3ebd4f]
V  [jvm.dll+0x3ed7d1]
C  [jli.dll+0x5297]
C  [ucrtbase.dll+0x29333]
C  [KERNEL32.DLL+0x1257d]
C  [ntdll.dll+0x5aa48]


---------------  P R O C E S S  ---------------

Threads class SMR info:
_java_thread_list=0x00007ffb271289d8, length=0, elements={
}

Java Threads: ( => current thread )

Other Threads:
  0x0000014d0c49f470 GCTaskThread "GC Thread#0" [stack: 0x0000002031300000,0x0000002031400000] [id=21880]
  0x0000014d0c4aff80 ConcurrentGCThread "G1 Main Marker" [stack: 0x0000002031400000,0x0000002031500000] [id=19872]
  0x0000014d0c4b0990 ConcurrentGCThread "G1 Conc#0" [stack: 0x0000002031500000,0x0000002031600000] [id=17636]

[error occurred during error reporting (printing all threads), id 0xc0000005, EXCEPTION_ACCESS_VIOLATION (0xc0000005) at pc=0x00007ffb2695b2d7]

VM state: not at safepoint (not fully initialized)

VM Mutex/Monitor currently owned by a thread:  ([mutex/lock_event])
[0x0000014d0c42c3f0] Heap_lock - owner thread: 0x0000014d0c431ac0

Heap address: 0x0000000704400000, size: 4028 MB, Compressed Oops mode: Zero based, Oop shift amount: 3

CDS archive(s) mapped at: [0x0000000000000000-0x0000000000000000-0x0000000000000000), size 0, SharedBaseAddress: 0x0000000800000000, ArchiveRelocationMode: 1.
Narrow klass base: 0x0000000000000000, Narrow klass shift: 0, Narrow klass range: 0x0

GC Precious Log:
<Empty>

Heap:
 garbage-first heap   total 0K, used 0K [0x0000000704400000, 0x0000000800000000)
  region size 2048K, 0 young (0K), 0 survivors (0K)

[error occurred during error reporting (printing heap information), id 0xc0000005, EXCEPTION_ACCESS_VIOLATION (0xc0000005) at pc=0x00007ffb26d42229]

GC Heap History (0 events):
No events

Deoptimization events (0 events):
No events

Classes unloaded (0 events):
No events

Classes redefined (0 events):
No events

Internal exceptions (0 events):
No events

VM Operations (0 events):
No events

Events (1 events):
Event: 0.006 Loaded shared library C:\Program Files\Java\jdk-17\bin\java.dll


Dynamic libraries:
0x00007ff7a3ae0000 - 0x00007ff7a3af0000 	C:\Program Files\Java\jdk-17\bin\java.exe
0x00007ffbad5d0000 - 0x00007ffbad7e6000 	C:\WINDOWS\SYSTEM32\ntdll.dll
0x00007ffbab500000 - 0x00007ffbab5c4000 	C:\WINDOWS\System32\KERNEL32.DLL
0x00007ffbaaa20000 - 0x00007ffbaadc7000 	C:\WINDOWS\System32\KERNELBASE.dll
0x00007ffbaae00000 - 0x00007ffbaaf11000 	C:\WINDOWS\System32\ucrtbase.dll
0x00007ffb9ab70000 - 0x00007ffb9ab89000 	C:\Program Files\Java\jdk-17\bin\jli.dll
0x00007ffb9a420000 - 0x00007ffb9a43b000 	C:\Program Files\Java\jdk-17\bin\VCRUNTIME140.dll
0x00007ffbac860000 - 0x00007ffbac912000 	C:\WINDOWS\System32\ADVAPI32.dll
0x00007ffbad0d0000 - 0x00007ffbad177000 	C:\WINDOWS\System32\msvcrt.dll
0x00007ffbab840000 - 0x00007ffbab8e8000 	C:\WINDOWS\System32\sechost.dll
0x00007ffbaadd0000 - 0x00007ffbaadf8000 	C:\WINDOWS\System32\bcrypt.dll
0x00007ffbab300000 - 0x00007ffbab415000 	C:\WINDOWS\System32\RPCRT4.dll
0x00007ffbab8f0000 - 0x00007ffbaba9e000 	C:\WINDOWS\System32\USER32.dll
0x00007ffbab040000 - 0x00007ffbab066000 	C:\WINDOWS\System32\win32u.dll
0x00007ffb95fa0000 - 0x00007ffb96233000 	C:\WINDOWS\WinSxS\amd64_microsoft.windows.common-controls_6595b64144ccf1df_6.0.22621.3235_none_270f74e173860f98\COMCTL32.dll
0x00007ffbad040000 - 0x00007ffbad069000 	C:\WINDOWS\System32\GDI32.dll
0x00007ffbaaf20000 - 0x00007ffbab039000 	C:\WINDOWS\System32\gdi32full.dll
0x00007ffbab070000 - 0x00007ffbab10a000 	C:\WINDOWS\System32\msvcp_win.dll
0x00007ffba1950000 - 0x00007ffba195a000 	C:\WINDOWS\SYSTEM32\VERSION.dll
0x00007ffbab790000 - 0x00007ffbab7c1000 	C:\WINDOWS\System32\IMM32.DLL
0x00007ffb9a4a0000 - 0x00007ffb9a4ac000 	C:\Program Files\Java\jdk-17\bin\vcruntime140_1.dll
0x00007ffb7ce10000 - 0x00007ffb7ce9e000 	C:\Program Files\Java\jdk-17\bin\msvcp140.dll
0x00007ffb26670000 - 0x00007ffb27251000 	C:\Program Files\Java\jdk-17\bin\server\jvm.dll
0x00007ffbace20000 - 0x00007ffbace28000 	C:\WINDOWS\System32\PSAPI.DLL
0x00007ffb7c050000 - 0x00007ffb7c059000 	C:\WINDOWS\SYSTEM32\WSOCK32.dll
0x00007ffba2090000 - 0x00007ffba20c4000 	C:\WINDOWS\SYSTEM32\WINMM.dll
0x00007ffbad510000 - 0x00007ffbad581000 	C:\WINDOWS\System32\WS2_32.dll
0x00007ffba9930000 - 0x00007ffba9948000 	C:\WINDOWS\SYSTEM32\kernel.appcore.dll
0x00007ffb9a380000 - 0x00007ffb9a38a000 	C:\Program Files\Java\jdk-17\bin\jimage.dll
0x00007ffba08e0000 - 0x00007ffba0b13000 	C:\WINDOWS\SYSTEM32\DBGHELP.DLL
0x00007ffbad180000 - 0x00007ffbad508000 	C:\WINDOWS\System32\combase.dll
0x00007ffbab420000 - 0x00007ffbab4f7000 	C:\WINDOWS\System32\OLEAUT32.dll
0x00007ffb947b0000 - 0x00007ffb947e2000 	C:\WINDOWS\SYSTEM32\dbgcore.DLL
0x00007ffbab280000 - 0x00007ffbab2f9000 	C:\WINDOWS\System32\bcryptPrimitives.dll
0x00007ffb9a1e0000 - 0x00007ffb9a1ee000 	C:\Program Files\Java\jdk-17\bin\instrument.dll
0x00007ffb9a070000 - 0x00007ffb9a095000 	C:\Program Files\Java\jdk-17\bin\java.dll

dbghelp: loaded successfully - version: 4.0.5 - missing functions: none
symbol engine: initialized successfully - sym options: 0x614 - pdb path: .;C:\Program Files\Java\jdk-17\bin;C:\WINDOWS\SYSTEM32;C:\WINDOWS\WinSxS\amd64_microsoft.windows.common-controls_6595b64144ccf1df_6.0.22621.3235_none_270f74e173860f98;C:\Program Files\Java\jdk-17\bin\server

VM Arguments:
jvm_args: -javaagent:C:\Program Files\JetBrains\IntelliJ IDEA Community Edition 2023.3.2\lib\idea_rt.jar=58227:C:\Program Files\JetBrains\IntelliJ IDEA Community Edition 2023.3.2\bin -Dfile.encoding=UTF-8 --module-path=C:\Users\a20221\.m2\repository\org\openjfx\javafx-base\17.0.6\javafx-base-17.0.6-win.jar;C:\Users\a20221\.m2\repository\org\openjfx\javafx-fxml\17.0.6\javafx-fxml-17.0.6-win.jar;C:\Users\a20221\.m2\repository\org\openjfx\javafx-graphics\17.0.6\javafx-graphics-17.0.6-win.jar;C:\Users\a20221\Documents\G WGU\c195\target\classes;C:\Users\a20221\.m2\repository\org\openjfx\javafx-controls\17.0.6\javafx-controls-17.0.6-win.jar -Djdk.module.main=com.c195.c195 
java_command: com.c195.c195/com.c195.c195.Main
java_class_path (initial): C:\Users\a20221\.m2\repository\org\openjfx\javafx-controls\17.0.6\javafx-controls-17.0.6.jar;C:\Users\a20221\.m2\repository\org\openjfx\javafx-graphics\17.0.6\javafx-graphics-17.0.6.jar;C:\Users\a20221\.m2\repository\org\openjfx\javafx-base\17.0.6\javafx-base-17.0.6.jar;C:\Users\a20221\.m2\repository\org\openjfx\javafx-fxml\17.0.6\javafx-fxml-17.0.6.jar;C:\Users\a20221\.m2\repository\com\mysql\mysql-connector-j\8.0.33\mysql-connector-j-8.0.33.jar;C:\Users\a20221\.m2\repository\com\google\protobuf\protobuf-java\3.21.9\protobuf-java-3.21.9.jar
Launcher Type: SUN_STANDARD

[Global flags]
     intx CICompilerCount                          = 12                                        {product} {ergonomic}
     uint ConcGCThreads                            = 3                                         {product} {ergonomic}
     uint G1ConcRefinementThreads                  = 13                                        {product} {ergonomic}
   size_t G1HeapRegionSize                         = 2097152                                   {product} {ergonomic}
    uintx GCDrainStackTargetSize                   = 64                                        {product} {ergonomic}
   size_t InitialHeapSize                          = 264241152                                 {product} {ergonomic}
   size_t MarkStackSize                            = 4194304                                   {product} {ergonomic}
   size_t MaxHeapSize                              = 4223664128                                {product} {ergonomic}
   size_t MinHeapDeltaBytes                        = 2097152                                   {product} {ergonomic}
   size_t MinHeapSize                              = 8388608                                   {product} {ergonomic}
    uintx NonNMethodCodeHeapSize                   = 7602480                                {pd product} {ergonomic}
    uintx NonProfiledCodeHeapSize                  = 122027880                              {pd product} {ergonomic}
    uintx ProfiledCodeHeapSize                     = 122027880                              {pd product} {ergonomic}
    uintx ReservedCodeCacheSize                    = 251658240                              {pd product} {ergonomic}
     bool SegmentedCodeCache                       = true                                      {product} {ergonomic}
   size_t SoftMaxHeapSize                          = 4223664128                             {manageable} {ergonomic}
     bool UseCompressedClassPointers               = true                           {product lp64_product} {ergonomic}
     bool UseCompressedOops                        = true                           {product lp64_product} {ergonomic}
     bool UseG1GC                                  = true                                      {product} {ergonomic}
     bool UseLargePagesIndividualAllocation        = false                                  {pd product} {ergonomic}

Logging:
Log output configuration:
 #0: stdout all=warning uptime,level,tags
 #1: stderr all=off uptime,level,tags

Environment Variables:
PATH=C:\Program Files\Common Files\Oracle\Java\javapath;C:\WINDOWS\system32;C:\WINDOWS;C:\WINDOWS\System32\Wbem;C:\WINDOWS\System32\WindowsPowerShell\v1.0\;C:\WINDOWS\System32\OpenSSH\;C:\PSTools;C:\Program Files\nodejs\;C:\Program Files\Git\cmd;C:\Program Files\MySQL\MySQL Shell 8.0\bin\;C:\Users\a20221\AppData\Local\Programs\Python\Python311\Scripts\;C:\Users\a20221\AppData\Local\Programs\Python\Python311\;C:\Users\a20221\AppData\Local\Microsoft\WindowsApps;C:\Users\a20221\AppData\Local\Programs\Microsoft VS Code\bin;C:\Users\a20221\AppData\Roaming\npm;C:\Users\a20221\Documents\ATDupe\sqlite3.exe;;C:\Program Files\JetBrains\IntelliJ IDEA Community Edition 2023.3.2\bin;
USERNAME=a20221
OS=Windows_NT
PROCESSOR_IDENTIFIER=Intel64 Family 6 Model 167 Stepping 1, GenuineIntel



---------------  S Y S T E M  ---------------

OS:
 Windows 11 , 64 bit Build 22621 (10.0.22621.3374)
OS uptime: 7 days 2:36 hours

CPU: total 16 (initial active 16) (8 cores per cpu, 2 threads per core) family 6 model 167 stepping 1 microcode 0x57, cx8, cmov, fxsr, ht, mmx, 3dnowpref, sse, sse2, sse3, ssse3, sse4.1, sse4.2, popcnt, lzcnt, tsc, tscinvbit, avx, avx2, aes, erms, clmul, bmi1, bmi2, adx, avx512f, avx512dq, avx512cd, avx512bw, avx512vl, sha, fma, vzeroupper, avx512_vpopcntdq, avx512_vpclmulqdq, avx512_vaes, avx512_vnni, clflush, clflushopt, avx512_vbmi2, avx512_vbmi

Memory: 4k page, system-wide physical 16105M (6520M free)
TotalPageFile size 65257M (AvailPageFile size 148M)
current process WorkingSet (physical memory assigned to process): 11M, peak: 11M
current process commit charge ("private bytes"): 70M, peak: 322M

vm_info: Java HotSpot(TM) 64-Bit Server VM (17.0.9+11-LTS-201) for windows-amd64 JRE (17.0.9+11-LTS-201), built on Oct 10 2023 23:16:06 by "mach5one" with MS VC++ 17.1 (VS2022)

END.
